<?xml version="1.0" encoding="UTF-8"?>
<!-- Generated by org.testng.reporters.JUnitReportReporter -->
<testsuite hostname="Shubhangs-MacBook-Air.local" failures="0" tests="3" name="ShubhangVigya.testcase.Booking" time="47.322" errors="0" timestamp="2023-11-15T03:05:54 GMT" skipped="0">
  <testcase classname="ShubhangVigya.testcase.Booking" name="bookAppointmentMedicaid" time="17.013"/>
  <testcase classname="ShubhangVigya.testcase.Booking" name="bookAppointmentNone" time="15.644"/>
  <testcase classname="ShubhangVigya.testcase.Booking" name="bookAppointmentMedicare" time="14.665"/>
</testsuite> <!-- ShubhangVigya.testcase.Booking -->
