<?xml version="1.0" encoding="UTF-8"?>
<!-- Generated by org.testng.reporters.JUnitReportReporter -->
<testsuite hostname="Shubhangs-Air.ht.home" failures="0" tests="3" name="DaftIE.test" time="287.318" errors="0" timestamp="2024-01-30T11:36:20 GMT" skipped="2">
  <testcase classname="DaftIE.test" name="VerifyKeywordText" time="287.318"/>
  <testcase classname="DaftIE.test" name="VerifyKeywordResult">
    <skipped/>
  </testcase> <!-- VerifyKeywordResult -->
  <testcase classname="DaftIE.test" name="VerifyCounty">
    <skipped/>
  </testcase> <!-- VerifyCounty -->
</testsuite> <!-- DaftIE.test -->
