<?xml version="1.0" encoding="UTF-8"?>
<!-- Generated by org.testng.reporters.JUnitReportReporter -->
<testsuite hostname="Shubhangs-Air.station" failures="0" tests="3" name="daftIeTests.FilterTest" time="717.697" errors="0" timestamp="2024-01-31T00:06:08 GMT" skipped="0">
  <testcase classname="daftIeTests.FilterTest" name="VerifyKeywordResult" time="222.364"/>
  <testcase classname="daftIeTests.FilterTest" name="VerifyCounty" time="165.744"/>
  <testcase classname="daftIeTests.FilterTest" name="VerifyKeywordText" time="329.589"/>
</testsuite> <!-- daftIeTests.FilterTest -->
